This file contains any messages produced by compilers while
running configure, to aid debugging if configure makes a mistake.

It was created by libspatialite configure 4.3.0a, which was
generated by GNU Autoconf 2.69.  Invocation command line was

  $ ./configure --enable-freexl=no

## --------- ##
## Platform. ##
## --------- ##

hostname = mtmbp4.local
uname -m = x86_64
uname -r = 15.6.0
uname -s = Darwin
uname -v = Darwin Kernel Version 15.6.0: Thu Jun 23 18:25:34 PDT 2016; root:xnu-3248.60.10~1/RELEASE_X86_64

/usr/bin/uname -p = i386
/bin/uname -X     = unknown

/bin/arch              = unknown
/usr/bin/arch -k       = unknown
/usr/convex/getsysinfo = unknown
/usr/bin/hostinfo      = Mach kernel version:
	 Darwin Kernel Version 15.6.0: Thu Jun 23 18:25:34 PDT 2016; root:xnu-3248.60.10~1/RELEASE_X86_64
Kernel configured for up to 4 processors.
2 processors are physically available.
4 processors are logically available.
Processor type: i486 (Intel 80486)
Processors active: 0 1 2 3
Primary memory available: 16.00 gigabytes
Default processor set: 308 tasks, 1686 threads, 4 processors
Load average: 2.17, Mach factor: 1.82
/bin/machine           = unknown
/usr/bin/oslevel       = unknown
/bin/universe          = unknown

PATH: /usr/bin
PATH: /bin
PATH: /usr/sbin
PATH: /sbin
PATH: /usr/local/bin
PATH: /Users/mark/adt-bundle-mac-x86_64-20140702/android-ndk-r10c
PATH: /opt/X11/bin


## ----------- ##
## Core tests. ##
## ----------- ##

configure:2516: checking for a BSD-compatible install
configure:2584: result: /usr/bin/install -c
configure:2595: checking whether build environment is sane
configure:2650: result: yes
configure:2688: WARNING: 'missing' script is too old or missing
configure:2801: checking for a thread-safe mkdir -p
configure:2840: result: ./install-sh -c -d
configure:2847: checking for gawk
configure:2877: result: no
configure:2847: checking for mawk
configure:2877: result: no
configure:2847: checking for nawk
configure:2877: result: no
configure:2847: checking for awk
configure:2863: found /usr/bin/awk
configure:2874: result: awk
configure:2885: checking whether make sets $(MAKE)
configure:2907: result: yes
configure:2936: checking whether make supports nested variables
configure:2953: result: yes
configure:3080: checking whether to enable maintainer-specific portions of Makefiles
configure:3089: result: no
configure:3151: checking for style of include used by make
configure:3179: result: GNU
configure:3250: checking for gcc
configure:3266: found /usr/bin/gcc
configure:3277: result: gcc
configure:3506: checking for C compiler version
configure:3515: gcc --version >&5
Apple LLVM version 7.3.0 (clang-703.0.31)
Target: x86_64-apple-darwin15.6.0
Thread model: posix
InstalledDir: /Applications/Xcode7.3.app/Contents/Developer/Toolchains/XcodeDefault.xctoolchain/usr/bin
Configured with: --prefix=/Applications/Xcode7.3.app/Contents/Developer/usr --with-gxx-include-dir=/Applications/Xcode7.3.app/Contents/Developer/Platforms/MacOSX.platform/Developer/SDKs/MacOSX10.11.sdk/usr/include/c++/4.2.1
configure:3526: $? = 0
configure:3515: gcc -v >&5
Configured with: --prefix=/Applications/Xcode7.3.app/Contents/Developer/usr --with-gxx-include-dir=/Applications/Xcode7.3.app/Contents/Developer/Platforms/MacOSX.platform/Developer/SDKs/MacOSX10.11.sdk/usr/include/c++/4.2.1
Apple LLVM version 7.3.0 (clang-703.0.31)
Target: x86_64-apple-darwin15.6.0
Thread model: posix
InstalledDir: /Applications/Xcode7.3.app/Contents/Developer/Toolchains/XcodeDefault.xctoolchain/usr/bin
configure:3526: $? = 0
configure:3515: gcc -V >&5
clang: error: argument to '-V' is missing (expected 1 value)
clang: error: no input files
configure:3526: $? = 1
configure:3515: gcc -qversion >&5
clang: error: unknown argument: '-qversion'
clang: error: no input files
configure:3526: $? = 1
configure:3546: checking whether the C compiler works
configure:3568: gcc    conftest.c  >&5
configure:3572: $? = 0
configure:3620: result: yes
configure:3623: checking for C compiler default output file name
configure:3625: result: a.out
configure:3631: checking for suffix of executables
configure:3638: gcc -o conftest    conftest.c  >&5
configure:3642: $? = 0
configure:3664: result: 
configure:3686: checking whether we are cross compiling
configure:3694: gcc -o conftest    conftest.c  >&5
configure:3698: $? = 0
configure:3705: ./conftest
configure:3709: $? = 0
configure:3724: result: no
configure:3729: checking for suffix of object files
configure:3751: gcc -c   conftest.c >&5
configure:3755: $? = 0
configure:3776: result: o
configure:3780: checking whether we are using the GNU C compiler
configure:3799: gcc -c   conftest.c >&5
configure:3799: $? = 0
configure:3808: result: yes
configure:3817: checking whether gcc accepts -g
configure:3837: gcc -c -g  conftest.c >&5
configure:3837: $? = 0
configure:3878: result: yes
configure:3895: checking for gcc option to accept ISO C89
configure:3958: gcc  -c -g -O2  conftest.c >&5
configure:3958: $? = 0
configure:3971: result: none needed
configure:3996: checking whether gcc understands -c and -o together
configure:4018: gcc -c conftest.c -o conftest2.o
configure:4021: $? = 0
configure:4018: gcc -c conftest.c -o conftest2.o
configure:4021: $? = 0
configure:4033: result: yes
configure:4052: checking dependency style of gcc
configure:4163: result: gcc3
configure:4184: checking how to run the C preprocessor
configure:4215: gcc -E  conftest.c
configure:4215: $? = 0
configure:4229: gcc -E  conftest.c
conftest.c:15:10: fatal error: 'ac_nonexistent.h' file not found
#include <ac_nonexistent.h>
         ^
1 error generated.
configure:4229: $? = 1
configure: failed program was:
| /* confdefs.h */
| #define PACKAGE_NAME "libspatialite"
| #define PACKAGE_TARNAME "libspatialite"
| #define PACKAGE_VERSION "4.3.0a"
| #define PACKAGE_STRING "libspatialite 4.3.0a"
| #define PACKAGE_BUGREPORT "a.furieri@lqt.it"
| #define PACKAGE_URL ""
| #define PACKAGE "libspatialite"
| #define VERSION "4.3.0a"
| #define _LARGE_FILE 1
| #define _FILE_OFFSET_BITS 64
| #define _LARGEFILE_SOURCE 1
| #define NDEBUG 1
| /* end confdefs.h.  */
| #include <ac_nonexistent.h>
configure:4254: result: gcc -E
configure:4274: gcc -E  conftest.c
configure:4274: $? = 0
configure:4288: gcc -E  conftest.c
conftest.c:15:10: fatal error: 'ac_nonexistent.h' file not found
#include <ac_nonexistent.h>
         ^
1 error generated.
configure:4288: $? = 1
configure: failed program was:
| /* confdefs.h */
| #define PACKAGE_NAME "libspatialite"
| #define PACKAGE_TARNAME "libspatialite"
| #define PACKAGE_VERSION "4.3.0a"
| #define PACKAGE_STRING "libspatialite 4.3.0a"
| #define PACKAGE_BUGREPORT "a.furieri@lqt.it"
| #define PACKAGE_URL ""
| #define PACKAGE "libspatialite"
| #define VERSION "4.3.0a"
| #define _LARGE_FILE 1
| #define _FILE_OFFSET_BITS 64
| #define _LARGEFILE_SOURCE 1
| #define NDEBUG 1
| /* end confdefs.h.  */
| #include <ac_nonexistent.h>
configure:4317: checking for grep that handles long lines and -e
configure:4375: result: /usr/bin/grep
configure:4380: checking for egrep
configure:4442: result: /usr/bin/grep -E
configure:4447: checking for ANSI C header files
configure:4467: gcc -c -g -O2  conftest.c >&5
configure:4467: $? = 0
configure:4540: gcc -o conftest -g -O2   conftest.c  >&5
configure:4540: $? = 0
configure:4540: ./conftest
configure:4540: $? = 0
configure:4551: result: yes
configure:4564: checking for sys/types.h
configure:4564: gcc -c -g -O2  conftest.c >&5
configure:4564: $? = 0
configure:4564: result: yes
configure:4564: checking for sys/stat.h
configure:4564: gcc -c -g -O2  conftest.c >&5
configure:4564: $? = 0
configure:4564: result: yes
configure:4564: checking for stdlib.h
configure:4564: gcc -c -g -O2  conftest.c >&5
configure:4564: $? = 0
configure:4564: result: yes
configure:4564: checking for string.h
configure:4564: gcc -c -g -O2  conftest.c >&5
configure:4564: $? = 0
configure:4564: result: yes
configure:4564: checking for memory.h
configure:4564: gcc -c -g -O2  conftest.c >&5
configure:4564: $? = 0
configure:4564: result: yes
configure:4564: checking for strings.h
configure:4564: gcc -c -g -O2  conftest.c >&5
configure:4564: $? = 0
configure:4564: result: yes
configure:4564: checking for inttypes.h
configure:4564: gcc -c -g -O2  conftest.c >&5
configure:4564: $? = 0
configure:4564: result: yes
configure:4564: checking for stdint.h
configure:4564: gcc -c -g -O2  conftest.c >&5
configure:4564: $? = 0
configure:4564: result: yes
configure:4564: checking for unistd.h
configure:4564: gcc -c -g -O2  conftest.c >&5
configure:4564: $? = 0
configure:4564: result: yes
configure:4578: checking for stdlib.h
configure:4578: result: yes
configure:4592: checking stdio.h usability
configure:4592: gcc -c -g -O2  conftest.c >&5
configure:4592: $? = 0
configure:4592: result: yes
configure:4592: checking stdio.h presence
configure:4592: gcc -E  conftest.c
configure:4592: $? = 0
configure:4592: result: yes
configure:4592: checking for stdio.h
configure:4592: result: yes
configure:4606: checking for string.h
configure:4606: result: yes
configure:4620: checking for memory.h
configure:4620: result: yes
configure:4634: checking math.h usability
configure:4634: gcc -c -g -O2  conftest.c >&5
configure:4634: $? = 0
configure:4634: result: yes
configure:4634: checking math.h presence
configure:4634: gcc -E  conftest.c
configure:4634: $? = 0
configure:4634: result: yes
configure:4634: checking for math.h
configure:4634: result: yes
configure:4648: checking float.h usability
configure:4648: gcc -c -g -O2  conftest.c >&5
configure:4648: $? = 0
configure:4648: result: yes
configure:4648: checking float.h presence
configure:4648: gcc -E  conftest.c
configure:4648: $? = 0
configure:4648: result: yes
configure:4648: checking for float.h
configure:4648: result: yes
configure:4662: checking fcntl.h usability
configure:4662: gcc -c -g -O2  conftest.c >&5
configure:4662: $? = 0
configure:4662: result: yes
configure:4662: checking fcntl.h presence
configure:4662: gcc -E  conftest.c
configure:4662: $? = 0
configure:4662: result: yes
configure:4662: checking for fcntl.h
configure:4662: result: yes
configure:4676: checking for inttypes.h
configure:4676: result: yes
configure:4690: checking stddef.h usability
configure:4690: gcc -c -g -O2  conftest.c >&5
configure:4690: $? = 0
configure:4690: result: yes
configure:4690: checking stddef.h presence
configure:4690: gcc -E  conftest.c
configure:4690: $? = 0
configure:4690: result: yes
configure:4690: checking for stddef.h
configure:4690: result: yes
configure:4704: checking for stdint.h
configure:4704: result: yes
configure:4718: checking sys/time.h usability
configure:4718: gcc -c -g -O2  conftest.c >&5
configure:4718: $? = 0
configure:4718: result: yes
configure:4718: checking sys/time.h presence
configure:4718: gcc -E  conftest.c
configure:4718: $? = 0
configure:4718: result: yes
configure:4718: checking for sys/time.h
configure:4718: result: yes
configure:4732: checking for unistd.h
configure:4732: result: yes
configure:4746: checking sqlite3.h usability
configure:4746: gcc -c -g -O2  conftest.c >&5
configure:4746: $? = 0
configure:4746: result: yes
configure:4746: checking sqlite3.h presence
configure:4746: gcc -E  conftest.c
configure:4746: $? = 0
configure:4746: result: yes
configure:4746: checking for sqlite3.h
configure:4746: result: yes
configure:4760: checking sqlite3ext.h usability
configure:4760: gcc -c -g -O2  conftest.c >&5
configure:4760: $? = 0
configure:4760: result: yes
configure:4760: checking sqlite3ext.h presence
configure:4760: gcc -E  conftest.c
configure:4760: $? = 0
configure:4760: result: yes
configure:4760: checking for sqlite3ext.h
configure:4760: result: yes
configure:4774: checking zlib.h usability
configure:4774: gcc -c -g -O2  conftest.c >&5
configure:4774: $? = 0
configure:4774: result: yes
configure:4774: checking zlib.h presence
configure:4774: gcc -E  conftest.c
configure:4774: $? = 0
configure:4774: result: yes
configure:4774: checking for zlib.h
configure:4774: result: yes
configure:4847: checking for g++
configure:4863: found /usr/bin/g++
configure:4874: result: g++
configure:4901: checking for C++ compiler version
configure:4910: g++ --version >&5
Apple LLVM version 7.3.0 (clang-703.0.31)
Target: x86_64-apple-darwin15.6.0
Thread model: posix
InstalledDir: /Applications/Xcode7.3.app/Contents/Developer/Toolchains/XcodeDefault.xctoolchain/usr/bin
Configured with: --prefix=/Applications/Xcode7.3.app/Contents/Developer/usr --with-gxx-include-dir=/Applications/Xcode7.3.app/Contents/Developer/Platforms/MacOSX.platform/Developer/SDKs/MacOSX10.11.sdk/usr/include/c++/4.2.1
configure:4921: $? = 0
configure:4910: g++ -v >&5
Configured with: --prefix=/Applications/Xcode7.3.app/Contents/Developer/usr --with-gxx-include-dir=/Applications/Xcode7.3.app/Contents/Developer/Platforms/MacOSX.platform/Developer/SDKs/MacOSX10.11.sdk/usr/include/c++/4.2.1
Apple LLVM version 7.3.0 (clang-703.0.31)
Target: x86_64-apple-darwin15.6.0
Thread model: posix
InstalledDir: /Applications/Xcode7.3.app/Contents/Developer/Toolchains/XcodeDefault.xctoolchain/usr/bin
configure:4921: $? = 0
configure:4910: g++ -V >&5
clang: error: argument to '-V' is missing (expected 1 value)
clang: error: no input files
configure:4921: $? = 1
configure:4910: g++ -qversion >&5
clang: error: unknown argument: '-qversion'
clang: error: no input files
configure:4921: $? = 1
configure:4925: checking whether we are using the GNU C++ compiler
configure:4944: g++ -c   conftest.cpp >&5
configure:4944: $? = 0
configure:4953: result: yes
configure:4962: checking whether g++ accepts -g
configure:4982: g++ -c -g  conftest.cpp >&5
configure:4982: $? = 0
configure:5023: result: yes
configure:5048: checking dependency style of g++
configure:5159: result: gcc3
configure:5222: checking for gcc
configure:5249: result: gcc
configure:5478: checking for C compiler version
configure:5487: gcc --version >&5
Apple LLVM version 7.3.0 (clang-703.0.31)
Target: x86_64-apple-darwin15.6.0
Thread model: posix
InstalledDir: /Applications/Xcode7.3.app/Contents/Developer/Toolchains/XcodeDefault.xctoolchain/usr/bin
Configured with: --prefix=/Applications/Xcode7.3.app/Contents/Developer/usr --with-gxx-include-dir=/Applications/Xcode7.3.app/Contents/Developer/Platforms/MacOSX.platform/Developer/SDKs/MacOSX10.11.sdk/usr/include/c++/4.2.1
configure:5498: $? = 0
configure:5487: gcc -v >&5
Configured with: --prefix=/Applications/Xcode7.3.app/Contents/Developer/usr --with-gxx-include-dir=/Applications/Xcode7.3.app/Contents/Developer/Platforms/MacOSX.platform/Developer/SDKs/MacOSX10.11.sdk/usr/include/c++/4.2.1
Apple LLVM version 7.3.0 (clang-703.0.31)
Target: x86_64-apple-darwin15.6.0
Thread model: posix
InstalledDir: /Applications/Xcode7.3.app/Contents/Developer/Toolchains/XcodeDefault.xctoolchain/usr/bin
configure:5498: $? = 0
configure:5487: gcc -V >&5
clang: error: argument to '-V' is missing (expected 1 value)
clang: error: no input files
configure:5498: $? = 1
configure:5487: gcc -qversion >&5
clang: error: unknown argument: '-qversion'
clang: error: no input files
configure:5498: $? = 1
configure:5502: checking whether we are using the GNU C compiler
configure:5530: result: yes
configure:5539: checking whether gcc accepts -g
configure:5600: result: yes
configure:5617: checking for gcc option to accept ISO C89
configure:5693: result: none needed
configure:5718: checking whether gcc understands -c and -o together
configure:5755: result: yes
configure:5774: checking dependency style of gcc
configure:5885: result: gcc3
configure:5905: checking how to run the C preprocessor
configure:5975: result: gcc -E
configure:5995: gcc -E  conftest.c
configure:5995: $? = 0
configure:6009: gcc -E  conftest.c
conftest.c:40:10: fatal error: 'ac_nonexistent.h' file not found
#include <ac_nonexistent.h>
         ^
1 error generated.
configure:6009: $? = 1
configure: failed program was:
| /* confdefs.h */
| #define PACKAGE_NAME "libspatialite"
| #define PACKAGE_TARNAME "libspatialite"
| #define PACKAGE_VERSION "4.3.0a"
| #define PACKAGE_STRING "libspatialite 4.3.0a"
| #define PACKAGE_BUGREPORT "a.furieri@lqt.it"
| #define PACKAGE_URL ""
| #define PACKAGE "libspatialite"
| #define VERSION "4.3.0a"
| #define _LARGE_FILE 1
| #define _FILE_OFFSET_BITS 64
| #define _LARGEFILE_SOURCE 1
| #define NDEBUG 1
| #define STDC_HEADERS 1
| #define HAVE_SYS_TYPES_H 1
| #define HAVE_SYS_STAT_H 1
| #define HAVE_STDLIB_H 1
| #define HAVE_STRING_H 1
| #define HAVE_MEMORY_H 1
| #define HAVE_STRINGS_H 1
| #define HAVE_INTTYPES_H 1
| #define HAVE_STDINT_H 1
| #define HAVE_UNISTD_H 1
| #define HAVE_STDLIB_H 1
| #define HAVE_STDIO_H 1
| #define HAVE_STRING_H 1
| #define HAVE_MEMORY_H 1
| #define HAVE_MATH_H 1
| #define HAVE_FLOAT_H 1
| #define HAVE_FCNTL_H 1
| #define HAVE_INTTYPES_H 1
| #define HAVE_STDDEF_H 1
| #define HAVE_STDINT_H 1
| #define HAVE_SYS_TIME_H 1
| #define HAVE_UNISTD_H 1
| #define HAVE_SQLITE3_H 1
| #define HAVE_SQLITE3EXT_H 1
| #define HAVE_ZLIB_H 1
| /* end confdefs.h.  */
| #include <ac_nonexistent.h>
configure:6038: checking whether ln -s works
configure:6042: result: yes
configure:6049: checking whether make sets $(MAKE)
configure:6071: result: yes
configure:6084: checking build system type
configure:6098: result: x86_64-apple-darwin15.6.0
configure:6118: checking host system type
configure:6131: result: x86_64-apple-darwin15.6.0
configure:6500: checking how to print strings
configure:6527: result: printf
configure:6548: checking for a sed that does not truncate output
configure:6612: result: /usr/bin/sed
configure:6630: checking for fgrep
configure:6692: result: /usr/bin/grep -F
configure:6727: checking for ld used by gcc
configure:6794: result: /Applications/Xcode7.3.app/Contents/Developer/Toolchains/XcodeDefault.xctoolchain/usr/bin/ld
configure:6801: checking if the linker (/Applications/Xcode7.3.app/Contents/Developer/Toolchains/XcodeDefault.xctoolchain/usr/bin/ld) is GNU ld
configure:6816: result: no
configure:6828: checking for BSD- or MS-compatible name lister (nm)
configure:6877: result: /usr/bin/nm -B
configure:7007: checking the name lister (/usr/bin/nm -B) interface
configure:7014: gcc -c -g -O2  conftest.c >&5
configure:7017: /usr/bin/nm -B "conftest.o"
configure:7020: output
0000000000000204 S _some_variable
configure:7027: result: BSD nm
configure:7031: checking the maximum length of command line arguments
configure:7156: result: 196608
configure:7173: checking whether the shell understands some XSI constructs
configure:7183: result: yes
configure:7187: checking whether the shell understands "+="
configure:7193: result: yes
configure:7228: checking how to convert x86_64-apple-darwin15.6.0 file names to x86_64-apple-darwin15.6.0 format
configure:7268: result: func_convert_file_noop
configure:7275: checking how to convert x86_64-apple-darwin15.6.0 file names to toolchain format
configure:7295: result: func_convert_file_noop
configure:7302: checking for /Applications/Xcode7.3.app/Contents/Developer/Toolchains/XcodeDefault.xctoolchain/usr/bin/ld option to reload object files
configure:7309: result: -r
configure:7383: checking for objdump
configure:7410: result: objdump
configure:7439: checking how to recognize dependent libraries
configure:7641: result: pass_all
configure:7726: checking for dlltool
configure:7753: result: dlltool
configure:7783: checking how to associate runtime and link libraries
configure:7810: result: printf %s\n
configure:7870: checking for ar
configure:7886: found /usr/bin/ar
configure:7897: result: ar
configure:7934: checking for archiver @FILE support
configure:7951: gcc -c -g -O2  conftest.c >&5
configure:7951: $? = 0
configure:7954: ar cru libconftest.a @conftest.lst >&5
ar: @conftest.lst: No such file or directory
configure:7957: $? = 1
configure:7977: result: no
configure:8035: checking for strip
configure:8051: found /usr/bin/strip
configure:8062: result: strip
configure:8134: checking for ranlib
configure:8150: found /usr/bin/ranlib
configure:8161: result: ranlib
configure:8263: checking command to parse /usr/bin/nm -B output from gcc object
configure:8382: gcc -c -g -O2  conftest.c >&5
configure:8385: $? = 0
configure:8389: /usr/bin/nm -B conftest.o \| sed -n -e 's/^.*[ ]\([BCDEGRST][BCDEGRST]*\)[ ][ ]*\([_A-Za-z][_A-Za-z0-9]*\)$/\1 \2 \2/p' | sed '/ __gnu_lto/d' \> conftest.nm
configure:8392: $? = 0
cannot find nm_test_var in conftest.nm
configure:8382: gcc -c -g -O2  conftest.c >&5
configure:8385: $? = 0
configure:8389: /usr/bin/nm -B conftest.o \| sed -n -e 's/^.*[ ]\([BCDEGRST][BCDEGRST]*\)[ ][ ]*_\([_A-Za-z][_A-Za-z0-9]*\)$/\1 _\2 \2/p' | sed '/ __gnu_lto/d' \> conftest.nm
configure:8392: $? = 0
configure:8458: gcc -o conftest -g -O2   conftest.c conftstm.o >&5
warning: (x86_64)  could not find object file symbol for symbol _main
configure:8461: $? = 0
configure:8499: result: ok
configure:8536: checking for sysroot
configure:8566: result: no
configure:8809: checking for mt
configure:8839: result: no
configure:8859: checking if : is a manifest tool
configure:8865: : '-?'
configure:8873: result: no
configure:8929: checking for dsymutil
configure:8945: found /usr/bin/dsymutil
configure:8956: result: dsymutil
configure:9021: checking for nmedit
configure:9037: found /usr/bin/nmedit
configure:9048: result: nmedit
configure:9113: checking for lipo
configure:9129: found /usr/bin/lipo
configure:9140: result: lipo
configure:9205: checking for otool
configure:9221: found /usr/bin/otool
configure:9232: result: otool
configure:9297: checking for otool64
configure:9327: result: no
configure:9372: checking for -single_module linker flag
gcc -g -O2  -o libconftest.dylib -dynamiclib -Wl,-single_module conftest.c
configure:9399: result: yes
configure:9401: checking for -exported_symbols_list linker flag
configure:9421: gcc -o conftest -g -O2   -Wl,-exported_symbols_list,conftest.sym conftest.c  >&5
configure:9421: $? = 0
configure:9431: result: yes
configure:9433: checking for -force_load linker flag
gcc -g -O2 -c -o conftest.o conftest.c
ar cru libconftest.a conftest.o
ranlib libconftest.a
gcc -g -O2  -o conftest conftest.c -Wl,-force_load,./libconftest.a
warning: (x86_64)  could not find object file symbol for symbol _forced_loaded
configure:9463: result: no
configure:9502: checking for dlfcn.h
configure:9502: gcc -c -g -O2  conftest.c >&5
configure:9502: $? = 0
configure:9502: result: yes
configure:9698: checking for objdir
configure:9713: result: .libs
configure:9984: checking if gcc supports -fno-rtti -fno-exceptions
configure:10002: gcc -c -g -O2  -fno-rtti -fno-exceptions conftest.c >&5
configure:10006: $? = 0
configure:10019: result: yes
configure:10329: checking for gcc option to produce PIC
configure:10336: result: -fno-common -DPIC
configure:10344: checking if gcc PIC flag -fno-common -DPIC works
configure:10362: gcc -c -g -O2  -fno-common -DPIC -DPIC conftest.c >&5
configure:10366: $? = 0
configure:10379: result: yes
configure:10408: checking if gcc static flag -static works
configure:10436: result: no
configure:10451: checking if gcc supports -c -o file.o
configure:10472: gcc -c -g -O2  -o out/conftest2.o conftest.c >&5
configure:10476: $? = 0
configure:10498: result: yes
configure:10506: checking if gcc supports -c -o file.o
configure:10553: result: yes
configure:10586: checking whether the gcc linker (/Applications/Xcode7.3.app/Contents/Developer/Toolchains/XcodeDefault.xctoolchain/usr/bin/ld) supports shared libraries
configure:11744: result: yes
configure:11989: checking dynamic linker characteristics
configure:12729: result: darwin15.6.0 dyld
configure:12836: checking how to hardcode library paths into programs
configure:12861: result: immediate
configure:13401: checking whether stripping libraries is possible
configure:13415: result: yes
configure:13441: checking if libtool supports shared libraries
configure:13443: result: yes
configure:13446: checking whether to build shared libraries
configure:13467: result: yes
configure:13470: checking whether to build static libraries
configure:13474: result: yes
configure:13497: checking how to run the C++ preprocessor
configure:13524: g++ -E  conftest.cpp
configure:13524: $? = 0
configure:13538: g++ -E  conftest.cpp
conftest.cpp:42:10: fatal error: 'ac_nonexistent.h' file not found
#include <ac_nonexistent.h>
         ^
1 error generated.
configure:13538: $? = 1
configure: failed program was:
| /* confdefs.h */
| #define PACKAGE_NAME "libspatialite"
| #define PACKAGE_TARNAME "libspatialite"
| #define PACKAGE_VERSION "4.3.0a"
| #define PACKAGE_STRING "libspatialite 4.3.0a"
| #define PACKAGE_BUGREPORT "a.furieri@lqt.it"
| #define PACKAGE_URL ""
| #define PACKAGE "libspatialite"
| #define VERSION "4.3.0a"
| #define _LARGE_FILE 1
| #define _FILE_OFFSET_BITS 64
| #define _LARGEFILE_SOURCE 1
| #define NDEBUG 1
| #define STDC_HEADERS 1
| #define HAVE_SYS_TYPES_H 1
| #define HAVE_SYS_STAT_H 1
| #define HAVE_STDLIB_H 1
| #define HAVE_STRING_H 1
| #define HAVE_MEMORY_H 1
| #define HAVE_STRINGS_H 1
| #define HAVE_INTTYPES_H 1
| #define HAVE_STDINT_H 1
| #define HAVE_UNISTD_H 1
| #define HAVE_STDLIB_H 1
| #define HAVE_STDIO_H 1
| #define HAVE_STRING_H 1
| #define HAVE_MEMORY_H 1
| #define HAVE_MATH_H 1
| #define HAVE_FLOAT_H 1
| #define HAVE_FCNTL_H 1
| #define HAVE_INTTYPES_H 1
| #define HAVE_STDDEF_H 1
| #define HAVE_STDINT_H 1
| #define HAVE_SYS_TIME_H 1
| #define HAVE_UNISTD_H 1
| #define HAVE_SQLITE3_H 1
| #define HAVE_SQLITE3EXT_H 1
| #define HAVE_ZLIB_H 1
| #define HAVE_DLFCN_H 1
| #define LT_OBJDIR ".libs/"
| /* end confdefs.h.  */
| #include <ac_nonexistent.h>
configure:13563: result: g++ -E
configure:13583: g++ -E  conftest.cpp
configure:13583: $? = 0
configure:13597: g++ -E  conftest.cpp
conftest.cpp:42:10: fatal error: 'ac_nonexistent.h' file not found
#include <ac_nonexistent.h>
         ^
1 error generated.
configure:13597: $? = 1
configure: failed program was:
| /* confdefs.h */
| #define PACKAGE_NAME "libspatialite"
| #define PACKAGE_TARNAME "libspatialite"
| #define PACKAGE_VERSION "4.3.0a"
| #define PACKAGE_STRING "libspatialite 4.3.0a"
| #define PACKAGE_BUGREPORT "a.furieri@lqt.it"
| #define PACKAGE_URL ""
| #define PACKAGE "libspatialite"
| #define VERSION "4.3.0a"
| #define _LARGE_FILE 1
| #define _FILE_OFFSET_BITS 64
| #define _LARGEFILE_SOURCE 1
| #define NDEBUG 1
| #define STDC_HEADERS 1
| #define HAVE_SYS_TYPES_H 1
| #define HAVE_SYS_STAT_H 1
| #define HAVE_STDLIB_H 1
| #define HAVE_STRING_H 1
| #define HAVE_MEMORY_H 1
| #define HAVE_STRINGS_H 1
| #define HAVE_INTTYPES_H 1
| #define HAVE_STDINT_H 1
| #define HAVE_UNISTD_H 1
| #define HAVE_STDLIB_H 1
| #define HAVE_STDIO_H 1
| #define HAVE_STRING_H 1
| #define HAVE_MEMORY_H 1
| #define HAVE_MATH_H 1
| #define HAVE_FLOAT_H 1
| #define HAVE_FCNTL_H 1
| #define HAVE_INTTYPES_H 1
| #define HAVE_STDDEF_H 1
| #define HAVE_STDINT_H 1
| #define HAVE_SYS_TIME_H 1
| #define HAVE_UNISTD_H 1
| #define HAVE_SQLITE3_H 1
| #define HAVE_SQLITE3EXT_H 1
| #define HAVE_ZLIB_H 1
| #define HAVE_DLFCN_H 1
| #define LT_OBJDIR ".libs/"
| /* end confdefs.h.  */
| #include <ac_nonexistent.h>
configure:13767: checking for ld used by g++
configure:13834: result: /Applications/Xcode7.3.app/Contents/Developer/Toolchains/XcodeDefault.xctoolchain/usr/bin/ld
configure:13841: checking if the linker (/Applications/Xcode7.3.app/Contents/Developer/Toolchains/XcodeDefault.xctoolchain/usr/bin/ld) is GNU ld
configure:13856: result: no
configure:13911: checking whether the g++ linker (/Applications/Xcode7.3.app/Contents/Developer/Toolchains/XcodeDefault.xctoolchain/usr/bin/ld) supports shared libraries
configure:14915: result: yes
configure:14950: g++ -c -g -O2  conftest.cpp >&5
configure:14953: $? = 0
configure:15473: checking for g++ option to produce PIC
configure:15480: result: -fno-common -DPIC
configure:15488: checking if g++ PIC flag -fno-common -DPIC works
configure:15506: g++ -c -g -O2  -fno-common -DPIC -DPIC conftest.cpp >&5
configure:15510: $? = 0
configure:15523: result: yes
configure:15546: checking if g++ static flag -static works
configure:15574: result: no
configure:15586: checking if g++ supports -c -o file.o
configure:15607: g++ -c -g -O2  -o out/conftest2.o conftest.cpp >&5
configure:15611: $? = 0
configure:15633: result: yes
configure:15638: checking if g++ supports -c -o file.o
configure:15685: result: yes
configure:15715: checking whether the g++ linker (/Applications/Xcode7.3.app/Contents/Developer/Toolchains/XcodeDefault.xctoolchain/usr/bin/ld) supports shared libraries
configure:15749: result: yes
configure:15892: checking dynamic linker characteristics
configure:16566: result: darwin15.6.0 dyld
configure:16619: checking how to hardcode library paths into programs
configure:16644: result: immediate
configure:16705: checking for an ANSI C-conforming const
configure:16771: gcc -c -g -O2  conftest.c >&5
configure:16771: $? = 0
configure:16778: result: yes
configure:16786: checking for off_t
configure:16786: gcc -c -g -O2  conftest.c >&5
configure:16786: $? = 0
configure:16786: gcc -c -g -O2  conftest.c >&5
conftest.c:78:20: error: expected expression
if (sizeof ((off_t)))
                   ^
1 error generated.
configure:16786: $? = 1
configure: failed program was:
| /* confdefs.h */
| #define PACKAGE_NAME "libspatialite"
| #define PACKAGE_TARNAME "libspatialite"
| #define PACKAGE_VERSION "4.3.0a"
| #define PACKAGE_STRING "libspatialite 4.3.0a"
| #define PACKAGE_BUGREPORT "a.furieri@lqt.it"
| #define PACKAGE_URL ""
| #define PACKAGE "libspatialite"
| #define VERSION "4.3.0a"
| #define _LARGE_FILE 1
| #define _FILE_OFFSET_BITS 64
| #define _LARGEFILE_SOURCE 1
| #define NDEBUG 1
| #define STDC_HEADERS 1
| #define HAVE_SYS_TYPES_H 1
| #define HAVE_SYS_STAT_H 1
| #define HAVE_STDLIB_H 1
| #define HAVE_STRING_H 1
| #define HAVE_MEMORY_H 1
| #define HAVE_STRINGS_H 1
| #define HAVE_INTTYPES_H 1
| #define HAVE_STDINT_H 1
| #define HAVE_UNISTD_H 1
| #define HAVE_STDLIB_H 1
| #define HAVE_STDIO_H 1
| #define HAVE_STRING_H 1
| #define HAVE_MEMORY_H 1
| #define HAVE_MATH_H 1
| #define HAVE_FLOAT_H 1
| #define HAVE_FCNTL_H 1
| #define HAVE_INTTYPES_H 1
| #define HAVE_STDDEF_H 1
| #define HAVE_STDINT_H 1
| #define HAVE_SYS_TIME_H 1
| #define HAVE_UNISTD_H 1
| #define HAVE_SQLITE3_H 1
| #define HAVE_SQLITE3EXT_H 1
| #define HAVE_ZLIB_H 1
| #define HAVE_DLFCN_H 1
| #define LT_OBJDIR ".libs/"
| /* end confdefs.h.  */
| #include <stdio.h>
| #ifdef HAVE_SYS_TYPES_H
| # include <sys/types.h>
| #endif
| #ifdef HAVE_SYS_STAT_H
| # include <sys/stat.h>
| #endif
| #ifdef STDC_HEADERS
| # include <stdlib.h>
| # include <stddef.h>
| #else
| # ifdef HAVE_STDLIB_H
| #  include <stdlib.h>
| # endif
| #endif
| #ifdef HAVE_STRING_H
| # if !defined STDC_HEADERS && defined HAVE_MEMORY_H
| #  include <memory.h>
| # endif
| # include <string.h>
| #endif
| #ifdef HAVE_STRINGS_H
| # include <strings.h>
| #endif
| #ifdef HAVE_INTTYPES_H
| # include <inttypes.h>
| #endif
| #ifdef HAVE_STDINT_H
| # include <stdint.h>
| #endif
| #ifdef HAVE_UNISTD_H
| # include <unistd.h>
| #endif
| int
| main ()
| {
| if (sizeof ((off_t)))
| 	    return 0;
|   ;
|   return 0;
| }
configure:16786: result: yes
configure:16797: checking for size_t
configure:16797: gcc -c -g -O2  conftest.c >&5
configure:16797: $? = 0
configure:16797: gcc -c -g -O2  conftest.c >&5
conftest.c:78:21: error: expected expression
if (sizeof ((size_t)))
                    ^
1 error generated.
configure:16797: $? = 1
configure: failed program was:
| /* confdefs.h */
| #define PACKAGE_NAME "libspatialite"
| #define PACKAGE_TARNAME "libspatialite"
| #define PACKAGE_VERSION "4.3.0a"
| #define PACKAGE_STRING "libspatialite 4.3.0a"
| #define PACKAGE_BUGREPORT "a.furieri@lqt.it"
| #define PACKAGE_URL ""
| #define PACKAGE "libspatialite"
| #define VERSION "4.3.0a"
| #define _LARGE_FILE 1
| #define _FILE_OFFSET_BITS 64
| #define _LARGEFILE_SOURCE 1
| #define NDEBUG 1
| #define STDC_HEADERS 1
| #define HAVE_SYS_TYPES_H 1
| #define HAVE_SYS_STAT_H 1
| #define HAVE_STDLIB_H 1
| #define HAVE_STRING_H 1
| #define HAVE_MEMORY_H 1
| #define HAVE_STRINGS_H 1
| #define HAVE_INTTYPES_H 1
| #define HAVE_STDINT_H 1
| #define HAVE_UNISTD_H 1
| #define HAVE_STDLIB_H 1
| #define HAVE_STDIO_H 1
| #define HAVE_STRING_H 1
| #define HAVE_MEMORY_H 1
| #define HAVE_MATH_H 1
| #define HAVE_FLOAT_H 1
| #define HAVE_FCNTL_H 1
| #define HAVE_INTTYPES_H 1
| #define HAVE_STDDEF_H 1
| #define HAVE_STDINT_H 1
| #define HAVE_SYS_TIME_H 1
| #define HAVE_UNISTD_H 1
| #define HAVE_SQLITE3_H 1
| #define HAVE_SQLITE3EXT_H 1
| #define HAVE_ZLIB_H 1
| #define HAVE_DLFCN_H 1
| #define LT_OBJDIR ".libs/"
| /* end confdefs.h.  */
| #include <stdio.h>
| #ifdef HAVE_SYS_TYPES_H
| # include <sys/types.h>
| #endif
| #ifdef HAVE_SYS_STAT_H
| # include <sys/stat.h>
| #endif
| #ifdef STDC_HEADERS
| # include <stdlib.h>
| # include <stddef.h>
| #else
| # ifdef HAVE_STDLIB_H
| #  include <stdlib.h>
| # endif
| #endif
| #ifdef HAVE_STRING_H
| # if !defined STDC_HEADERS && defined HAVE_MEMORY_H
| #  include <memory.h>
| # endif
| # include <string.h>
| #endif
| #ifdef HAVE_STRINGS_H
| # include <strings.h>
| #endif
| #ifdef HAVE_INTTYPES_H
| # include <inttypes.h>
| #endif
| #ifdef HAVE_STDINT_H
| # include <stdint.h>
| #endif
| #ifdef HAVE_UNISTD_H
| # include <unistd.h>
| #endif
| int
| main ()
| {
| if (sizeof ((size_t)))
| 	    return 0;
|   ;
|   return 0;
| }
configure:16797: result: yes
configure:16808: checking whether time.h and sys/time.h may both be included
configure:16828: gcc -c -g -O2  conftest.c >&5
configure:16828: $? = 0
configure:16835: result: yes
configure:16843: checking whether struct tm is in sys/time.h or time.h
configure:16863: gcc -c -g -O2  conftest.c >&5
configure:16863: $? = 0
configure:16870: result: time.h
configure:16878: checking for working volatile
configure:16897: gcc -c -g -O2  conftest.c >&5
configure:16897: $? = 0
configure:16904: result: yes
configure:16914: checking whether lstat correctly handles trailing slash
configure:16940: gcc -o conftest -g -O2   conftest.c  >&5
configure:16940: $? = 0
configure:16940: ./conftest
configure:16940: $? = 1
configure: program exited with status 1
configure: failed program was:
| /* confdefs.h */
| #define PACKAGE_NAME "libspatialite"
| #define PACKAGE_TARNAME "libspatialite"
| #define PACKAGE_VERSION "4.3.0a"
| #define PACKAGE_STRING "libspatialite 4.3.0a"
| #define PACKAGE_BUGREPORT "a.furieri@lqt.it"
| #define PACKAGE_URL ""
| #define PACKAGE "libspatialite"
| #define VERSION "4.3.0a"
| #define _LARGE_FILE 1
| #define _FILE_OFFSET_BITS 64
| #define _LARGEFILE_SOURCE 1
| #define NDEBUG 1
| #define STDC_HEADERS 1
| #define HAVE_SYS_TYPES_H 1
| #define HAVE_SYS_STAT_H 1
| #define HAVE_STDLIB_H 1
| #define HAVE_STRING_H 1
| #define HAVE_MEMORY_H 1
| #define HAVE_STRINGS_H 1
| #define HAVE_INTTYPES_H 1
| #define HAVE_STDINT_H 1
| #define HAVE_UNISTD_H 1
| #define HAVE_STDLIB_H 1
| #define HAVE_STDIO_H 1
| #define HAVE_STRING_H 1
| #define HAVE_MEMORY_H 1
| #define HAVE_MATH_H 1
| #define HAVE_FLOAT_H 1
| #define HAVE_FCNTL_H 1
| #define HAVE_INTTYPES_H 1
| #define HAVE_STDDEF_H 1
| #define HAVE_STDINT_H 1
| #define HAVE_SYS_TIME_H 1
| #define HAVE_UNISTD_H 1
| #define HAVE_SQLITE3_H 1
| #define HAVE_SQLITE3EXT_H 1
| #define HAVE_ZLIB_H 1
| #define HAVE_DLFCN_H 1
| #define LT_OBJDIR ".libs/"
| #define TIME_WITH_SYS_TIME 1
| /* end confdefs.h.  */
| #include <stdio.h>
| #ifdef HAVE_SYS_TYPES_H
| # include <sys/types.h>
| #endif
| #ifdef HAVE_SYS_STAT_H
| # include <sys/stat.h>
| #endif
| #ifdef STDC_HEADERS
| # include <stdlib.h>
| # include <stddef.h>
| #else
| # ifdef HAVE_STDLIB_H
| #  include <stdlib.h>
| # endif
| #endif
| #ifdef HAVE_STRING_H
| # if !defined STDC_HEADERS && defined HAVE_MEMORY_H
| #  include <memory.h>
| # endif
| # include <string.h>
| #endif
| #ifdef HAVE_STRINGS_H
| # include <strings.h>
| #endif
| #ifdef HAVE_INTTYPES_H
| # include <inttypes.h>
| #endif
| #ifdef HAVE_STDINT_H
| # include <stdint.h>
| #endif
| #ifdef HAVE_UNISTD_H
| # include <unistd.h>
| #endif
| int
| main ()
| {
| struct stat sbuf;
|      /* Linux will dereference the symlink and fail, as required by POSIX.
| 	That is better in the sense that it means we will not
| 	have to compile and use the lstat wrapper.  */
|      return lstat ("conftest.sym/", &sbuf) == 0;
|   ;
|   return 0;
| }
configure:16957: result: no
configure:16976: checking whether lstat accepts an empty string
configure:16996: gcc -o conftest -g -O2   conftest.c  >&5
configure:16996: $? = 0
configure:16996: ./conftest
configure:16996: $? = 0
configure:17006: result: no
configure:17022: checking whether lstat correctly handles trailing slash
configure:17065: result: no
configure:17084: checking for working memcmp
configure:17127: gcc -o conftest -g -O2   conftest.c  >&5
configure:17127: $? = 0
configure:17127: ./conftest
configure:17127: $? = 0
configure:17137: result: yes
configure:17146: checking whether stat accepts an empty string
configure:17166: gcc -o conftest -g -O2   conftest.c  >&5
configure:17166: $? = 0
configure:17166: ./conftest
configure:17166: $? = 0
configure:17176: result: no
configure:17194: checking for strftime
configure:17194: gcc -o conftest -g -O2   conftest.c  >&5
configure:17194: $? = 0
configure:17194: result: yes
configure:17250: checking for memset
configure:17250: gcc -o conftest -g -O2   conftest.c  >&5
conftest.c:67:6: warning: incompatible redeclaration of library function 'memset' [-Wincompatible-library-redeclaration]
char memset ();
     ^
conftest.c:67:6: note: 'memset' is a builtin with type 'void *(void *, int, unsigned long)'
1 warning generated.
configure:17250: $? = 0
configure:17250: result: yes
configure:17250: checking for sqrt
configure:17250: gcc -o conftest -g -O2   conftest.c  >&5
conftest.c:68:6: warning: incompatible redeclaration of library function 'sqrt' [-Wincompatible-library-redeclaration]
char sqrt ();
     ^
conftest.c:68:6: note: 'sqrt' is a builtin with type 'double (double)'
1 warning generated.
configure:17250: $? = 0
configure:17250: result: yes
configure:17250: checking for strcasecmp
configure:17250: gcc -o conftest -g -O2   conftest.c  >&5
conftest.c:69:6: warning: incompatible redeclaration of library function 'strcasecmp' [-Wincompatible-library-redeclaration]
char strcasecmp ();
     ^
conftest.c:69:6: note: 'strcasecmp' is a builtin with type 'int (const char *, const char *)'
1 warning generated.
configure:17250: $? = 0
configure:17250: result: yes
configure:17250: checking for strerror
configure:17250: gcc -o conftest -g -O2   conftest.c  >&5
conftest.c:70:6: warning: incompatible redeclaration of library function 'strerror' [-Wincompatible-library-redeclaration]
char strerror ();
     ^
conftest.c:70:6: note: 'strerror' is a builtin with type 'char *(int)'
1 warning generated.
configure:17250: $? = 0
configure:17250: result: yes
configure:17250: checking for strncasecmp
configure:17250: gcc -o conftest -g -O2   conftest.c  >&5
conftest.c:71:6: warning: incompatible redeclaration of library function 'strncasecmp' [-Wincompatible-library-redeclaration]
char strncasecmp ();
     ^
conftest.c:71:6: note: 'strncasecmp' is a builtin with type 'int (const char *, const char *, unsigned long)'
1 warning generated.
configure:17250: $? = 0
configure:17250: result: yes
configure:17250: checking for strstr
configure:17250: gcc -o conftest -g -O2   conftest.c  >&5
conftest.c:72:6: warning: incompatible redeclaration of library function 'strstr' [-Wincompatible-library-redeclaration]
char strstr ();
     ^
conftest.c:72:6: note: 'strstr' is a builtin with type 'char *(const char *, const char *)'
1 warning generated.
configure:17250: $? = 0
configure:17250: result: yes
configure:17250: checking for fdatasync
configure:17250: gcc -o conftest -g -O2   conftest.c  >&5
configure:17250: $? = 0
configure:17250: result: yes
configure:17250: checking for ftruncate
configure:17250: gcc -o conftest -g -O2   conftest.c  >&5
configure:17250: $? = 0
configure:17250: result: yes
configure:17250: checking for getcwd
configure:17250: gcc -o conftest -g -O2   conftest.c  >&5
configure:17250: $? = 0
configure:17250: result: yes
configure:17250: checking for gettimeofday
configure:17250: gcc -o conftest -g -O2   conftest.c  >&5
configure:17250: $? = 0
configure:17250: result: yes
configure:17250: checking for localtime_r
configure:17250: gcc -o conftest -g -O2   conftest.c  >&5
configure:17250: $? = 0
configure:17250: result: yes
configure:17250: checking for memmove
configure:17250: gcc -o conftest -g -O2   conftest.c  >&5
conftest.c:78:6: warning: incompatible redeclaration of library function 'memmove' [-Wincompatible-library-redeclaration]
char memmove ();
     ^
conftest.c:78:6: note: 'memmove' is a builtin with type 'void *(void *, const void *, unsigned long)'
1 warning generated.
configure:17250: $? = 0
configure:17250: result: yes
configure:17250: checking for strerror
configure:17250: result: yes
configure:17261: checking for sqlite3_prepare_v2 in -lsqlite3
configure:17286: gcc -o conftest -g -O2   conftest.c -lsqlite3 -lm  >&5
configure:17286: $? = 0
configure:17295: result: yes
configure:17308: checking for inflateInit_ in -lz
configure:17333: gcc -o conftest -g -O2   conftest.c -lz -lm -lsqlite3  >&5
configure:17333: $? = 0
configure:17342: result: yes
configure:17460: checking proj_api.h usability
configure:17460: gcc -c -g -O2  conftest.c >&5
conftest.c:94:10: fatal error: 'proj_api.h' file not found
#include <proj_api.h>
         ^
1 error generated.
configure:17460: $? = 1
configure: failed program was:
| /* confdefs.h */
| #define PACKAGE_NAME "libspatialite"
| #define PACKAGE_TARNAME "libspatialite"
| #define PACKAGE_VERSION "4.3.0a"
| #define PACKAGE_STRING "libspatialite 4.3.0a"
| #define PACKAGE_BUGREPORT "a.furieri@lqt.it"
| #define PACKAGE_URL ""
| #define PACKAGE "libspatialite"
| #define VERSION "4.3.0a"
| #define _LARGE_FILE 1
| #define _FILE_OFFSET_BITS 64
| #define _LARGEFILE_SOURCE 1
| #define NDEBUG 1
| #define STDC_HEADERS 1
| #define HAVE_SYS_TYPES_H 1
| #define HAVE_SYS_STAT_H 1
| #define HAVE_STDLIB_H 1
| #define HAVE_STRING_H 1
| #define HAVE_MEMORY_H 1
| #define HAVE_STRINGS_H 1
| #define HAVE_INTTYPES_H 1
| #define HAVE_STDINT_H 1
| #define HAVE_UNISTD_H 1
| #define HAVE_STDLIB_H 1
| #define HAVE_STDIO_H 1
| #define HAVE_STRING_H 1
| #define HAVE_MEMORY_H 1
| #define HAVE_MATH_H 1
| #define HAVE_FLOAT_H 1
| #define HAVE_FCNTL_H 1
| #define HAVE_INTTYPES_H 1
| #define HAVE_STDDEF_H 1
| #define HAVE_STDINT_H 1
| #define HAVE_SYS_TIME_H 1
| #define HAVE_UNISTD_H 1
| #define HAVE_SQLITE3_H 1
| #define HAVE_SQLITE3EXT_H 1
| #define HAVE_ZLIB_H 1
| #define HAVE_DLFCN_H 1
| #define LT_OBJDIR ".libs/"
| #define TIME_WITH_SYS_TIME 1
| #define HAVE_STRFTIME 1
| #define HAVE_MEMSET 1
| #define HAVE_SQRT 1
| #define HAVE_STRCASECMP 1
| #define HAVE_STRERROR 1
| #define HAVE_STRNCASECMP 1
| #define HAVE_STRSTR 1
| #define HAVE_FDATASYNC 1
| #define HAVE_FTRUNCATE 1
| #define HAVE_GETCWD 1
| #define HAVE_GETTIMEOFDAY 1
| #define HAVE_LOCALTIME_R 1
| #define HAVE_MEMMOVE 1
| #define HAVE_STRERROR 1
| #define HAVE_LIBSQLITE3 1
| #define HAVE_LIBZ 1
| #define TARGET_CPU "x86_64-apple-darwin15.6.0"
| #define OMIT_GEOCALLBACKS 1
| /* end confdefs.h.  */
| #include <stdio.h>
| #ifdef HAVE_SYS_TYPES_H
| # include <sys/types.h>
| #endif
| #ifdef HAVE_SYS_STAT_H
| # include <sys/stat.h>
| #endif
| #ifdef STDC_HEADERS
| # include <stdlib.h>
| # include <stddef.h>
| #else
| # ifdef HAVE_STDLIB_H
| #  include <stdlib.h>
| # endif
| #endif
| #ifdef HAVE_STRING_H
| # if !defined STDC_HEADERS && defined HAVE_MEMORY_H
| #  include <memory.h>
| # endif
| # include <string.h>
| #endif
| #ifdef HAVE_STRINGS_H
| # include <strings.h>
| #endif
| #ifdef HAVE_INTTYPES_H
| # include <inttypes.h>
| #endif
| #ifdef HAVE_STDINT_H
| # include <stdint.h>
| #endif
| #ifdef HAVE_UNISTD_H
| # include <unistd.h>
| #endif
| #include <proj_api.h>
configure:17460: result: no
configure:17460: checking proj_api.h presence
configure:17460: gcc -E  conftest.c
conftest.c:61:10: fatal error: 'proj_api.h' file not found
#include <proj_api.h>
         ^
1 error generated.
configure:17460: $? = 1
configure: failed program was:
| /* confdefs.h */
| #define PACKAGE_NAME "libspatialite"
| #define PACKAGE_TARNAME "libspatialite"
| #define PACKAGE_VERSION "4.3.0a"
| #define PACKAGE_STRING "libspatialite 4.3.0a"
| #define PACKAGE_BUGREPORT "a.furieri@lqt.it"
| #define PACKAGE_URL ""
| #define PACKAGE "libspatialite"
| #define VERSION "4.3.0a"
| #define _LARGE_FILE 1
| #define _FILE_OFFSET_BITS 64
| #define _LARGEFILE_SOURCE 1
| #define NDEBUG 1
| #define STDC_HEADERS 1
| #define HAVE_SYS_TYPES_H 1
| #define HAVE_SYS_STAT_H 1
| #define HAVE_STDLIB_H 1
| #define HAVE_STRING_H 1
| #define HAVE_MEMORY_H 1
| #define HAVE_STRINGS_H 1
| #define HAVE_INTTYPES_H 1
| #define HAVE_STDINT_H 1
| #define HAVE_UNISTD_H 1
| #define HAVE_STDLIB_H 1
| #define HAVE_STDIO_H 1
| #define HAVE_STRING_H 1
| #define HAVE_MEMORY_H 1
| #define HAVE_MATH_H 1
| #define HAVE_FLOAT_H 1
| #define HAVE_FCNTL_H 1
| #define HAVE_INTTYPES_H 1
| #define HAVE_STDDEF_H 1
| #define HAVE_STDINT_H 1
| #define HAVE_SYS_TIME_H 1
| #define HAVE_UNISTD_H 1
| #define HAVE_SQLITE3_H 1
| #define HAVE_SQLITE3EXT_H 1
| #define HAVE_ZLIB_H 1
| #define HAVE_DLFCN_H 1
| #define LT_OBJDIR ".libs/"
| #define TIME_WITH_SYS_TIME 1
| #define HAVE_STRFTIME 1
| #define HAVE_MEMSET 1
| #define HAVE_SQRT 1
| #define HAVE_STRCASECMP 1
| #define HAVE_STRERROR 1
| #define HAVE_STRNCASECMP 1
| #define HAVE_STRSTR 1
| #define HAVE_FDATASYNC 1
| #define HAVE_FTRUNCATE 1
| #define HAVE_GETCWD 1
| #define HAVE_GETTIMEOFDAY 1
| #define HAVE_LOCALTIME_R 1
| #define HAVE_MEMMOVE 1
| #define HAVE_STRERROR 1
| #define HAVE_LIBSQLITE3 1
| #define HAVE_LIBZ 1
| #define TARGET_CPU "x86_64-apple-darwin15.6.0"
| #define OMIT_GEOCALLBACKS 1
| /* end confdefs.h.  */
| #include <proj_api.h>
configure:17460: result: no
configure:17460: checking for proj_api.h
configure:17460: result: no
configure:17467: error: cannot find proj_api.h, bailing out

## ---------------- ##
## Cache variables. ##
## ---------------- ##

ac_cv_build=x86_64-apple-darwin15.6.0
ac_cv_c_compiler_gnu=yes
ac_cv_c_const=yes
ac_cv_c_volatile=yes
ac_cv_cxx_compiler_gnu=yes
ac_cv_env_CCC_set=
ac_cv_env_CCC_value=
ac_cv_env_CC_set=
ac_cv_env_CC_value=
ac_cv_env_CFLAGS_set=
ac_cv_env_CFLAGS_value=
ac_cv_env_CPPFLAGS_set=
ac_cv_env_CPPFLAGS_value=
ac_cv_env_CPP_set=
ac_cv_env_CPP_value=
ac_cv_env_CXXCPP_set=
ac_cv_env_CXXCPP_value=
ac_cv_env_CXXFLAGS_set=
ac_cv_env_CXXFLAGS_value=
ac_cv_env_CXX_set=
ac_cv_env_CXX_value=
ac_cv_env_LDFLAGS_set=
ac_cv_env_LDFLAGS_value=
ac_cv_env_LIBS_set=
ac_cv_env_LIBS_value=
ac_cv_env_LIBXML2_CFLAGS_set=
ac_cv_env_LIBXML2_CFLAGS_value=
ac_cv_env_LIBXML2_LIBS_set=
ac_cv_env_LIBXML2_LIBS_value=
ac_cv_env_PKG_CONFIG_LIBDIR_set=
ac_cv_env_PKG_CONFIG_LIBDIR_value=
ac_cv_env_PKG_CONFIG_PATH_set=
ac_cv_env_PKG_CONFIG_PATH_value=
ac_cv_env_PKG_CONFIG_set=
ac_cv_env_PKG_CONFIG_value=
ac_cv_env_build_alias_set=
ac_cv_env_build_alias_value=
ac_cv_env_host_alias_set=
ac_cv_env_host_alias_value=
ac_cv_env_target_alias_set=
ac_cv_env_target_alias_value=
ac_cv_func_fdatasync=yes
ac_cv_func_ftruncate=yes
ac_cv_func_getcwd=yes
ac_cv_func_gettimeofday=yes
ac_cv_func_localtime_r=yes
ac_cv_func_lstat_dereferences_slashed_symlink=no
ac_cv_func_lstat_empty_string_bug=no
ac_cv_func_memcmp_working=yes
ac_cv_func_memmove=yes
ac_cv_func_memset=yes
ac_cv_func_sqrt=yes
ac_cv_func_stat_empty_string_bug=no
ac_cv_func_strcasecmp=yes
ac_cv_func_strerror=yes
ac_cv_func_strftime=yes
ac_cv_func_strncasecmp=yes
ac_cv_func_strstr=yes
ac_cv_header_dlfcn_h=yes
ac_cv_header_fcntl_h=yes
ac_cv_header_float_h=yes
ac_cv_header_inttypes_h=yes
ac_cv_header_math_h=yes
ac_cv_header_memory_h=yes
ac_cv_header_proj_api_h=no
ac_cv_header_sqlite3_h=yes
ac_cv_header_sqlite3ext_h=yes
ac_cv_header_stdc=yes
ac_cv_header_stddef_h=yes
ac_cv_header_stdint_h=yes
ac_cv_header_stdio_h=yes
ac_cv_header_stdlib_h=yes
ac_cv_header_string_h=yes
ac_cv_header_strings_h=yes
ac_cv_header_sys_stat_h=yes
ac_cv_header_sys_time_h=yes
ac_cv_header_sys_types_h=yes
ac_cv_header_time=yes
ac_cv_header_unistd_h=yes
ac_cv_header_zlib_h=yes
ac_cv_host=x86_64-apple-darwin15.6.0
ac_cv_lib_sqlite3_sqlite3_prepare_v2=yes
ac_cv_lib_z_inflateInit_=yes
ac_cv_objext=o
ac_cv_path_EGREP='/usr/bin/grep -E'
ac_cv_path_FGREP='/usr/bin/grep -F'
ac_cv_path_GREP=/usr/bin/grep
ac_cv_path_SED=/usr/bin/sed
ac_cv_path_install='/usr/bin/install -c'
ac_cv_prog_AWK=awk
ac_cv_prog_CPP='gcc -E'
ac_cv_prog_CXXCPP='g++ -E'
ac_cv_prog_ac_ct_AR=ar
ac_cv_prog_ac_ct_CC=gcc
ac_cv_prog_ac_ct_CXX=g++
ac_cv_prog_ac_ct_DLLTOOL=dlltool
ac_cv_prog_ac_ct_DSYMUTIL=dsymutil
ac_cv_prog_ac_ct_LIPO=lipo
ac_cv_prog_ac_ct_NMEDIT=nmedit
ac_cv_prog_ac_ct_OBJDUMP=objdump
ac_cv_prog_ac_ct_OTOOL=otool
ac_cv_prog_ac_ct_RANLIB=ranlib
ac_cv_prog_ac_ct_STRIP=strip
ac_cv_prog_cc_c89=
ac_cv_prog_cc_g=yes
ac_cv_prog_cxx_g=yes
ac_cv_prog_make_make_set=yes
ac_cv_struct_tm=time.h
ac_cv_type_off_t=yes
ac_cv_type_size_t=yes
am_cv_CC_dependencies_compiler_type=gcc3
am_cv_CXX_dependencies_compiler_type=gcc3
am_cv_make_support_nested_variables=yes
am_cv_prog_cc_c_o=yes
lt_cv_apple_cc_single_mod=yes
lt_cv_ar_at_file=no
lt_cv_deplibs_check_method=pass_all
lt_cv_file_magic_cmd='$MAGIC_CMD'
lt_cv_file_magic_test_file=
lt_cv_ld_exported_symbols_list=yes
lt_cv_ld_force_load=no
lt_cv_ld_reload_flag=-r
lt_cv_nm_interface='BSD nm'
lt_cv_objdir=.libs
lt_cv_path_LD=/Applications/Xcode7.3.app/Contents/Developer/Toolchains/XcodeDefault.xctoolchain/usr/bin/ld
lt_cv_path_LDCXX=/Applications/Xcode7.3.app/Contents/Developer/Toolchains/XcodeDefault.xctoolchain/usr/bin/ld
lt_cv_path_NM='/usr/bin/nm -B'
lt_cv_path_mainfest_tool=no
lt_cv_prog_compiler_c_o=yes
lt_cv_prog_compiler_c_o_CXX=yes
lt_cv_prog_compiler_pic='-fno-common -DPIC'
lt_cv_prog_compiler_pic_CXX='-fno-common -DPIC'
lt_cv_prog_compiler_pic_works=yes
lt_cv_prog_compiler_pic_works_CXX=yes
lt_cv_prog_compiler_rtti_exceptions=yes
lt_cv_prog_compiler_static_works=no
lt_cv_prog_compiler_static_works_CXX=no
lt_cv_prog_gnu_ld=no
lt_cv_prog_gnu_ldcxx=no
lt_cv_sharedlib_from_linklib_cmd='printf %s\n'
lt_cv_sys_global_symbol_pipe='sed -n -e '\''s/^.*[	 ]\([BCDEGRST][BCDEGRST]*\)[	 ][	 ]*_\([_A-Za-z][_A-Za-z0-9]*\)$/\1 _\2 \2/p'\'' | sed '\''/ __gnu_lto/d'\'''
lt_cv_sys_global_symbol_to_c_name_address='sed -n -e '\''s/^: \([^ ]*\)[ ]*$/  {\"\1\", (void *) 0},/p'\'' -e '\''s/^[BCDEGRST]* \([^ ]*\) \([^ ]*\)$/  {"\2", (void *) \&\2},/p'\'''
lt_cv_sys_global_symbol_to_c_name_address_lib_prefix='sed -n -e '\''s/^: \([^ ]*\)[ ]*$/  {\"\1\", (void *) 0},/p'\'' -e '\''s/^[BCDEGRST]* \([^ ]*\) \(lib[^ ]*\)$/  {"\2", (void *) \&\2},/p'\'' -e '\''s/^[BCDEGRST]* \([^ ]*\) \([^ ]*\)$/  {"lib\2", (void *) \&\2},/p'\'''
lt_cv_sys_global_symbol_to_cdecl='sed -n -e '\''s/^T .* \(.*\)$/extern int \1();/p'\'' -e '\''s/^[BCDEGRST]* .* \(.*\)$/extern char \1;/p'\'''
lt_cv_sys_max_cmd_len=196608
lt_cv_to_host_file_cmd=func_convert_file_noop
lt_cv_to_tool_file_cmd=func_convert_file_noop

## ----------------- ##
## Output variables. ##
## ----------------- ##

ACLOCAL='aclocal-1.15'
AMDEPBACKSLASH='\'
AMDEP_FALSE='#'
AMDEP_TRUE=''
AMTAR='$${TAR-tar}'
AM_BACKSLASH='\'
AM_DEFAULT_V='$(AM_DEFAULT_VERBOSITY)'
AM_DEFAULT_VERBOSITY='1'
AM_V='$(V)'
ANDROID_FALSE=''
ANDROID_TRUE=''
AR='ar'
AS='as'
AUTOCONF='autoconf'
AUTOHEADER='autoheader'
AUTOMAKE='automake-1.15'
AWK='awk'
CC='gcc'
CCDEPMODE='depmode=gcc3'
CFLAGS='-g -O2'
CPP='gcc -E'
CPPFLAGS=''
CXX='g++'
CXXCPP='g++ -E'
CXXDEPMODE='depmode=gcc3'
CXXFLAGS='-g -O2'
CYGPATH_W='echo'
DEFS=''
DEPDIR='.deps'
DLLTOOL='dlltool'
DSYMUTIL='dsymutil'
DUMPBIN=''
ECHO_C='\c'
ECHO_N=''
ECHO_T=''
EGREP='/usr/bin/grep -E'
ENABLE_EXAMPLES_FALSE=''
ENABLE_EXAMPLES_TRUE=''
ENABLE_GEOPACKAGE_FALSE=''
ENABLE_GEOPACKAGE_TRUE=''
EXEEXT=''
FGREP='/usr/bin/grep -F'
GEOSCONFIG=''
GEOS_CFLAGS=''
GEOS_LDFLAGS=''
GREP='/usr/bin/grep'
INSTALL_DATA='${INSTALL} -m 644'
INSTALL_PROGRAM='${INSTALL}'
INSTALL_SCRIPT='${INSTALL}'
INSTALL_STRIP_PROGRAM='$(install_sh) -c -s'
LD='/Applications/Xcode7.3.app/Contents/Developer/Toolchains/XcodeDefault.xctoolchain/usr/bin/ld'
LDFLAGS=''
LIBOBJS=' lstat.o'
LIBS='-lz -lsqlite3 '
LIBTOOL='$(SHELL) $(top_builddir)/libtool'
LIBXML2_CFLAGS=''
LIBXML2_LIBS=''
LIPO='lipo'
LN_S='ln -s'
LTLIBOBJS=''
MACOSX_FALSE=''
MACOSX_TRUE=''
MAINT='#'
MAINTAINER_MODE_FALSE=''
MAINTAINER_MODE_TRUE='#'
MAKEINFO='makeinfo'
MANIFEST_TOOL=':'
MINGW_FALSE=''
MINGW_TRUE=''
MKDIR_P='./install-sh -c -d'
NM='/usr/bin/nm -B'
NMEDIT='nmedit'
OBJDUMP='objdump'
OBJEXT='o'
OTOOL64=':'
OTOOL='otool'
PACKAGE='libspatialite'
PACKAGE_BUGREPORT='a.furieri@lqt.it'
PACKAGE_NAME='libspatialite'
PACKAGE_STRING='libspatialite 4.3.0a'
PACKAGE_TARNAME='libspatialite'
PACKAGE_URL=''
PACKAGE_VERSION='4.3.0a'
PATH_SEPARATOR=':'
PKG_CONFIG=''
PKG_CONFIG_LIBDIR=''
PKG_CONFIG_PATH=''
RANLIB='ranlib'
SED='/usr/bin/sed'
SET_MAKE=''
SHELL='/bin/sh'
STRIP='strip'
VERSION='4.3.0a'
ac_ct_AR='ar'
ac_ct_CC='gcc'
ac_ct_CXX='g++'
ac_ct_DUMPBIN=''
am__EXEEXT_FALSE=''
am__EXEEXT_TRUE=''
am__fastdepCC_FALSE='#'
am__fastdepCC_TRUE=''
am__fastdepCXX_FALSE='#'
am__fastdepCXX_TRUE=''
am__include='include'
am__isrc=''
am__leading_dot='.'
am__nodep='_no'
am__quote=''
am__tar='$${TAR-tar} chof - "$$tardir"'
am__untar='$${TAR-tar} xf -'
bindir='${exec_prefix}/bin'
build='x86_64-apple-darwin15.6.0'
build_alias=''
build_cpu='x86_64'
build_os='darwin15.6.0'
build_vendor='apple'
datadir='${datarootdir}'
datarootdir='${prefix}/share'
docdir='${datarootdir}/doc/${PACKAGE_TARNAME}'
dvidir='${docdir}'
exec_prefix='NONE'
host='x86_64-apple-darwin15.6.0'
host_alias=''
host_cpu='x86_64'
host_os='darwin15.6.0'
host_vendor='apple'
htmldir='${docdir}'
includedir='${prefix}/include'
infodir='${datarootdir}/info'
install_sh='${SHELL} /Users/mark/Documents/workspace/libspatialite-4.3.0a/install-sh'
libdir='${exec_prefix}/lib'
libexecdir='${exec_prefix}/libexec'
localedir='${datarootdir}/locale'
localstatedir='${prefix}/var'
mandir='${datarootdir}/man'
mkdir_p='$(MKDIR_P)'
oldincludedir='/usr/include'
pdfdir='${docdir}'
prefix='NONE'
program_transform_name='s,x,x,'
psdir='${docdir}'
sbindir='${exec_prefix}/sbin'
sharedstatedir='${prefix}/com'
sysconfdir='${prefix}/etc'
target_alias=''

## ----------- ##
## confdefs.h. ##
## ----------- ##

/* confdefs.h */
#define PACKAGE_NAME "libspatialite"
#define PACKAGE_TARNAME "libspatialite"
#define PACKAGE_VERSION "4.3.0a"
#define PACKAGE_STRING "libspatialite 4.3.0a"
#define PACKAGE_BUGREPORT "a.furieri@lqt.it"
#define PACKAGE_URL ""
#define PACKAGE "libspatialite"
#define VERSION "4.3.0a"
#define _LARGE_FILE 1
#define _FILE_OFFSET_BITS 64
#define _LARGEFILE_SOURCE 1
#define NDEBUG 1
#define STDC_HEADERS 1
#define HAVE_SYS_TYPES_H 1
#define HAVE_SYS_STAT_H 1
#define HAVE_STDLIB_H 1
#define HAVE_STRING_H 1
#define HAVE_MEMORY_H 1
#define HAVE_STRINGS_H 1
#define HAVE_INTTYPES_H 1
#define HAVE_STDINT_H 1
#define HAVE_UNISTD_H 1
#define HAVE_STDLIB_H 1
#define HAVE_STDIO_H 1
#define HAVE_STRING_H 1
#define HAVE_MEMORY_H 1
#define HAVE_MATH_H 1
#define HAVE_FLOAT_H 1
#define HAVE_FCNTL_H 1
#define HAVE_INTTYPES_H 1
#define HAVE_STDDEF_H 1
#define HAVE_STDINT_H 1
#define HAVE_SYS_TIME_H 1
#define HAVE_UNISTD_H 1
#define HAVE_SQLITE3_H 1
#define HAVE_SQLITE3EXT_H 1
#define HAVE_ZLIB_H 1
#define HAVE_DLFCN_H 1
#define LT_OBJDIR ".libs/"
#define TIME_WITH_SYS_TIME 1
#define HAVE_STRFTIME 1
#define HAVE_MEMSET 1
#define HAVE_SQRT 1
#define HAVE_STRCASECMP 1
#define HAVE_STRERROR 1
#define HAVE_STRNCASECMP 1
#define HAVE_STRSTR 1
#define HAVE_FDATASYNC 1
#define HAVE_FTRUNCATE 1
#define HAVE_GETCWD 1
#define HAVE_GETTIMEOFDAY 1
#define HAVE_LOCALTIME_R 1
#define HAVE_MEMMOVE 1
#define HAVE_STRERROR 1
#define HAVE_LIBSQLITE3 1
#define HAVE_LIBZ 1
#define TARGET_CPU "x86_64-apple-darwin15.6.0"
#define OMIT_GEOCALLBACKS 1

configure: exit 1
